Logfile for Installing Paasmer...
/home/mdubuntu/Downloads/CC3200MOD-SDK
/home/root
--> Installing...\n
--> Installing requerments.......
Hit:1 http://archive.canonical.com/ubuntu xenial InRelease
Hit:2 http://archive.ubuntu.com/ubuntu xenial InRelease
Reading package lists...
Reading package lists...
Building dependency tree...
Reading state information...
expect is already the newest version (5.45-7).
0 upgraded, 0 newly installed, 0 to remove and 0 not upgraded.
Reading package lists...
Building dependency tree...
Reading state information...
mysql-client-core-5.7 is already the newest version (5.7.11-0ubuntu6).
0 upgraded, 0 newly installed, 0 to remove and 0 not upgraded.
Reading package lists...
Building dependency tree...
Reading state information...
python2.7 is already the newest version (2.7.12-1~16.04).
Some packages could not be installed. This may mean that you have
requested an impossible situation or if you are using the unstable
distribution that some required packages have not yet been created
or been moved out of Incoming.
The following information may help to resolve the situation:

The following packages have unmet dependencies:
 libssl-dev : Depends: libssl1.0.0 (= 1.0.2g-1ubuntu4) but 1.0.2g-1ubuntu4.5 is to be installed
              Recommends: libssl-doc but it is not going to be installed
Reading package lists...
Building dependency tree...
Reading state information...
Some packages could not be installed. This may mean that you have
requested an impossible situation or if you are using the unstable
distribution that some required packages have not yet been created
or been moved out of Incoming.
The following information may help to resolve the situation:

The following packages have unmet dependencies:
 python-dev : Depends: libpython-dev (= 2.7.11-1) but it is not going to be installed
              Depends: python2.7-dev (>= 2.7.11-1~) but it is not going to be installed
Reading package lists...
Building dependency tree...
Reading state information...
xterm is already the newest version (322-1ubuntu1).
0 upgraded, 0 newly installed, 0 to remove and 0 not upgraded.
Configuring data...
"a3rwl3kghmkdtx.iot.us-west-2.amazonaws.com"
HIVEPIE-2292
{ "thingArn": "arn:aws:iot:us-west-2:039065299133:thing/HIVEPIE-2292", "thingName": "HIVEPIE-2292" }
{
    "certificateArn": "arn:aws:iot:us-west-2:039065299133:cert/05e4f8989c656fb19af53aca5319ed5dd228894d87d341745e4ba746f5f469bc", 
    "certificatePem": "-----BEGIN CERTIFICATE-----\nMIIDWTCCAkGgAwIBAgIUU/pId0Y0cjv0S/BL1MnbwIj1w3MwDQYJKoZIhvcNAQEL\nBQAwTTFLMEkGA1UECwxCQW1hem9uIFdlYiBTZXJ2aWNlcyBPPUFtYXpvbi5jb20g\nSW5jLiBMPVNlYXR0bGUgU1Q9V2FzaGluZ3RvbiBDPVVTMB4XDTE3MDQwMzA5MTU0\nMVoXDTQ5MTIzMTIzNTk1OVowHjEcMBoGA1UEAwwTQVdTIElvVCBDZXJ0aWZpY2F0\nZTCCASIwDQYJKoZIhvcNAQEBBQADggEPADCCAQoCggEBAI2ri9TwCW6uZC8DLLQw\nYjX9WyTAvK5jiiDWz4a51Hv6to8D6ty2u+eXs53bulRhkPFlvE568Vr7r+yqwxk/\naxpOngwYJ9sYvPMEnbpGmu5Z3WHHpAcUSXXBwCMX+VYbXGof7dHadHvLYxo+lCI2\ntferHjzOsQEJjEen1iO0VmK0VW9QqDqkxQ42q0AVj8b8jrn8kOfVk15zohqrzY8b\nuAmJ31g3vAT1OfPJVP1AINmXTuNfZU7bctNwXiZSp64zD4nM7VYtjrPDoKTLv48t\nKHM831/yxQ9usV5uVE9q4y163M3tOFeW0NmqL8yVpAZLsAvFCBotJ6TXtr8Mpses\ncM8CAwEAAaNgMF4wHwYDVR0jBBgwFoAUE3zljFRhs3VUVOTT5HCfbiOxoNcwHQYD\nVR0OBBYEFEPT6kTDm+Gn7T+KDKIxubAYNCssMAwGA1UdEwEB/wQCMAAwDgYDVR0P\nAQH/BAQDAgeAMA0GCSqGSIb3DQEBCwUAA4IBAQBr+ImyF8IHc/T7Ub4FlcasznRG\nlS8sjJrFNn1iQ0AyCcL8+NTGI/bJqbG8F1KapsJFH8CpimhcXzBijrJMTlLfZi27\nFcQUzkCEfekujJbzOMtDWT7Pjnv3EQDMmdZjbfA9U+Rc54Xyq8SdRX83BQyw5XFI\nSRf1tb4l145O35K+iL4G/w0Pblfty3T4FsMqodmCfVDzgI/wHZbDdSelM26pvRD0\nUpsJWZ/mRk/PKLFQWgz2lrvLn/FqKtS4zvG5ZXAYrWEXCTk06FYwqn+HQhuqa1D4\njhDrwOfFoWt8mn6S1XOljyPz7Cjz7FVSzyLfVOMajVN9Jimjlii0vIzA+aHN\n-----END CERTIFICATE-----\n", 
    "keyPair": {
        "PublicKey": "-----BEGIN PUBLIC KEY-----\nMIIBIjANBgkqhkiG9w0BAQEFAAOCAQ8AMIIBCgKCAQEAjauL1PAJbq5kLwMstDBi\nNf1bJMC8rmOKINbPhrnUe/q2jwPq3La755ezndu6VGGQ8WW8TnrxWvuv7KrDGT9r\nGk6eDBgn2xi88wSdukaa7lndYcekBxRJdcHAIxf5Vhtcah/t0dp0e8tjGj6UIja1\n96sePM6xAQmMR6fWI7RWYrRVb1CoOqTFDjarQBWPxvyOufyQ59WTXnOiGqvNjxu4\nCYnfWDe8BPU588lU/UAg2ZdO419lTtty03BeJlKnrjMPicztVi2Os8OgpMu/jy0o\nczzfX/LFD26xXm5UT2rjLXrcze04V5bQ2aovzJWkBkuwC8UIGi0npNe2vwymx6xw\nzwIDAQAB\n-----END PUBLIC KEY-----\n", 
        "PrivateKey": "-----BEGIN RSA PRIVATE KEY-----\nMIIEpQIBAAKCAQEAjauL1PAJbq5kLwMstDBiNf1bJMC8rmOKINbPhrnUe/q2jwPq\n3La755ezndu6VGGQ8WW8TnrxWvuv7KrDGT9rGk6eDBgn2xi88wSdukaa7lndYcek\nBxRJdcHAIxf5Vhtcah/t0dp0e8tjGj6UIja196sePM6xAQmMR6fWI7RWYrRVb1Co\nOqTFDjarQBWPxvyOufyQ59WTXnOiGqvNjxu4CYnfWDe8BPU588lU/UAg2ZdO419l\nTtty03BeJlKnrjMPicztVi2Os8OgpMu/jy0oczzfX/LFD26xXm5UT2rjLXrcze04\nV5bQ2aovzJWkBkuwC8UIGi0npNe2vwymx6xwzwIDAQABAoIBABDsfk7Ywfez44nu\nMifwY7sZYgr471FR2M1le/MXPff1kltxV1w4hCf9alqgRhkQcrUztxQVAcIhsPlv\nyNC6T7wbyiudsx0sTl4lngYDqzxwBc9JfyHNXZ0woRhQI9wSdq7C07EvDJ1BRbx7\n30xbBs/oZDtVYbXDAzwII7+uKmet/8H8LTzxL0PjY8Qbz/CJP5emnfVO8NigkLyC\nQEnRLfS+Elzk+EHePhxtfTvQ9c6Pz7rvoHog6k9Sx3R+ZTESth9ns1pGgRgtnRYh\nEOfP63gwSZNGVkKlE7vt/GZmH17elKIA191Swtm29CdOiLjUVigmQcWJsPfJwEXJ\nWU22FJkCgYEAxe9J0gcMfNhN9qon8qVsoWVt04V/tKgfsfdQ8tNhNI0GsNB6Q+Mt\nkWLGvZQFtqIBbXJBhsbwI0aHIx4DLoSnFIggVFTJ7jryLgs4rl3xfxjFQtvTQAaR\nvPAhkpjtnNuQiQtHWckoKoL86tWqT1WTYYAzbItoLc7CdiIKXsrLtWsCgYEAtzrW\ngBnx74+2KgYhzLq3yGqfXRaTRgW1G36V2ZYsxWj1IlWqyw/P1XkODBIlAmnjkFL0\n4kyfiHBUS06/tNKSHxo0RgQsWoGwab80usXjXX0BWNf3UK8orFRYlTrODHFwT58F\n8XNvZWpmlB7BvKDb6pnxWkwdJf8x3KrzdzP+5y0CgYEAu2+/OznblHoNUlGN5NTM\nSwZO+2hHJ9+xrAjkyh5rxaTquhOiRJlkNHISe8Ipquo9adQxwxyumOkX3aR1JN8P\njXzfCJ0GYCfH4NxVf6GMqGvfmVGr+cx+xCmt0TIqiUjO1Ugt+BNqit9h/Ev7rIcA\nOut5Rwe4zvAl7FKN+XgXciMCgYEAjn02E/aZO3gh7HpKTKCjjTrFZanJq7mChrgh\nJk1v0bD2eNXv9Ov97v+t2ds+Zqsb6b9papa1tW/NTacW1DKwqXlCT3StXVDfdMzZ\n36lGUAyHQKTqUhd05NbO8HYDiI+rDHAZOhRP+6kLzoJAnUTm4IEIvPTV8heLmhRj\nMz7/Kp0CgYEAgHFmgCYdOJJ5jBeUwXhiBerDOlBEWDGRdzrfCY6chBPlCcHEOqcZ\nnyAi0XkWbB7Dm5h8sthgRfKKlTYalakSjSfae9sfTeIGj8f5ay/cxtOJzuDHbhmF\nvDPL+/s7ZRBfZKWL0e0AwSGGDkDH4UxRjm/WvN+D5y/HM9jywNuab0E=\n-----END RSA PRIVATE KEY-----\n"
    }, 
    "certificateId": "05e4f8989c656fb19af53aca5319ed5dd228894d87d341745e4ba746f5f469bc"
}
"arn:aws:iot:us-west-2:039065299133:cert/05e4f8989c656fb19af53aca5319ed5dd228894d87d341745e4ba746f5f469bc"
{
    "policyName": "HIVEPIE-2292", 
    "policyArn": "arn:aws:iot:us-west-2:039065299133:policy/HIVEPIE-2292", 
    "policyDocument": "{ \"Version\": \"2012-10-17\", \"Statement\": [{\"Action\": [\"iot:*\"], \"Resource\": [\"*\"], \"Effect\": \"Allow\" }] }", 
    "policyVersionId": "1"
}
"MIIDWTCCAkGgAwIBAgIUU/pId0Y0cjv0S/BL1MnbwIj1w3MwDQYJKoZIhvcNAQEL" "BQAwTTFLMEkGA1UECwxCQW1hem9uIFdlYiBTZXJ2aWNlcyBPPUFtYXpvbi5jb20g" "SW5jLiBMPVNlYXR0bGUgU1Q9V2FzaGluZ3RvbiBDPVVTMB4XDTE3MDQwMzA5MTU0" "MVoXDTQ5MTIzMTIzNTk1OVowHjEcMBoGA1UEAwwTQVdTIElvVCBDZXJ0aWZpY2F0" "ZTCCASIwDQYJKoZIhvcNAQEBBQADggEPADCCAQoCggEBAI2ri9TwCW6uZC8DLLQw" "YjX9WyTAvK5jiiDWz4a51Hv6to8D6ty2u+eXs53bulRhkPFlvE568Vr7r+yqwxk/" "axpOngwYJ9sYvPMEnbpGmu5Z3WHHpAcUSXXBwCMX+VYbXGof7dHadHvLYxo+lCI2" "tferHjzOsQEJjEen1iO0VmK0VW9QqDqkxQ42q0AVj8b8jrn8kOfVk15zohqrzY8b" "uAmJ31g3vAT1OfPJVP1AINmXTuNfZU7bctNwXiZSp64zD4nM7VYtjrPDoKTLv48t" "KHM831/yxQ9usV5uVE9q4y163M3tOFeW0NmqL8yVpAZLsAvFCBotJ6TXtr8Mpses" "cM8CAwEAAaNgMF4wHwYDVR0jBBgwFoAUE3zljFRhs3VUVOTT5HCfbiOxoNcwHQYD" "VR0OBBYEFEPT6kTDm+Gn7T+KDKIxubAYNCssMAwGA1UdEwEB/wQCMAAwDgYDVR0P" "AQH/BAQDAgeAMA0GCSqGSIb3DQEBCwUAA4IBAQBr+ImyF8IHc/T7Ub4FlcasznRG" "lS8sjJrFNn1iQ0AyCcL8+NTGI/bJqbG8F1KapsJFH8CpimhcXzBijrJMTlLfZi27" "FcQUzkCEfekujJbzOMtDWT7Pjnv3EQDMmdZjbfA9U+Rc54Xyq8SdRX83BQyw5XFI" "SRf1tb4l145O35K+iL4G/w0Pblfty3T4FsMqodmCfVDzgI/wHZbDdSelM26pvRD0" "UpsJWZ/mRk/PKLFQWgz2lrvLn/FqKtS4zvG5ZXAYrWEXCTk06FYwqn+HQhuqa1D4" "jhDrwOfFoWt8mn6S1XOljyPz7Cjz7FVSzyLfVOMajVN9Jimjlii0vIzA+aHN"
"MIIEpQIBAAKCAQEAjauL1PAJbq5kLwMstDBiNf1bJMC8rmOKINbPhrnUe/q2jwPq" "3La755ezndu6VGGQ8WW8TnrxWvuv7KrDGT9rGk6eDBgn2xi88wSdukaa7lndYcek" "BxRJdcHAIxf5Vhtcah/t0dp0e8tjGj6UIja196sePM6xAQmMR6fWI7RWYrRVb1Co" "OqTFDjarQBWPxvyOufyQ59WTXnOiGqvNjxu4CYnfWDe8BPU588lU/UAg2ZdO419l" "Ttty03BeJlKnrjMPicztVi2Os8OgpMu/jy0oczzfX/LFD26xXm5UT2rjLXrcze04" "V5bQ2aovzJWkBkuwC8UIGi0npNe2vwymx6xwzwIDAQABAoIBABDsfk7Ywfez44nu" "MifwY7sZYgr471FR2M1le/MXPff1kltxV1w4hCf9alqgRhkQcrUztxQVAcIhsPlv" "yNC6T7wbyiudsx0sTl4lngYDqzxwBc9JfyHNXZ0woRhQI9wSdq7C07EvDJ1BRbx7" "30xbBs/oZDtVYbXDAzwII7+uKmet/8H8LTzxL0PjY8Qbz/CJP5emnfVO8NigkLyC" "QEnRLfS+Elzk+EHePhxtfTvQ9c6Pz7rvoHog6k9Sx3R+ZTESth9ns1pGgRgtnRYh" "EOfP63gwSZNGVkKlE7vt/GZmH17elKIA191Swtm29CdOiLjUVigmQcWJsPfJwEXJ" "WU22FJkCgYEAxe9J0gcMfNhN9qon8qVsoWVt04V/tKgfsfdQ8tNhNI0GsNB6Q+Mt" "kWLGvZQFtqIBbXJBhsbwI0aHIx4DLoSnFIggVFTJ7jryLgs4rl3xfxjFQtvTQAaR" "vPAhkpjtnNuQiQtHWckoKoL86tWqT1WTYYAzbItoLc7CdiIKXsrLtWsCgYEAtzrW" "gBnx74+2KgYhzLq3yGqfXRaTRgW1G36V2ZYsxWj1IlWqyw/P1XkODBIlAmnjkFL0" "4kyfiHBUS06/tNKSHxo0RgQsWoGwab80usXjXX0BWNf3UK8orFRYlTrODHFwT58F" "8XNvZWpmlB7BvKDb6pnxWkwdJf8x3KrzdzP+5y0CgYEAu2+/OznblHoNUlGN5NTM" "SwZO+2hHJ9+xrAjkyh5rxaTquhOiRJlkNHISe8Ipquo9adQxwxyumOkX3aR1JN8P" "jXzfCJ0GYCfH4NxVf6GMqGvfmVGr+cx+xCmt0TIqiUjO1Ugt+BNqit9h/Ev7rIcA" "Out5Rwe4zvAl7FKN+XgXciMCgYEAjn02E/aZO3gh7HpKTKCjjTrFZanJq7mChrgh" "Jk1v0bD2eNXv9Ov97v+t2ds+Zqsb6b9papa1tW/NTacW1DKwqXlCT3StXVDfdMzZ" "36lGUAyHQKTqUhd05NbO8HYDiI+rDHAZOhRP+6kLzoJAnUTm4IEIvPTV8heLmhRj" "Mz7/Kp0CgYEAgHFmgCYdOJJ5jBeUwXhiBerDOlBEWDGRdzrfCY6chBPlCcHEOqcZ" "nyAi0XkWbB7Dm5h8sthgRfKKlTYalakSjSfae9sfTeIGj8f5ay/cxtOJzuDHbhmF" "vDPL+/s7ZRBfZKWL0e0AwSGGDkDH4UxRjm/WvN+D5y/HM9jywNuab0E="
"MIIE0zCCA7ugAwIBAgIQGNrRniZ96LtKIVjNzGs7SjANBgkqhkiG9w0BAQUFADCB" "yjELMAkGA1UEBhMCVVMxFzAVBgNVBAoTDlZlcmlTaWduLCBJbmMuMR8wHQYDVQQL" "ExZWZXJpU2lnbiBUcnVzdCBOZXR3b3JrMTowOAYDVQQLEzEoYykgMjAwNiBWZXJp" "U2lnbiwgSW5jLiAtIEZvciBhdXRob3JpemVkIHVzZSBvbmx5MUUwQwYDVQQDEzxW" "ZXJpU2lnbiBDbGFzcyAzIFB1YmxpYyBQcmltYXJ5IENlcnRpZmljYXRpb24gQXV0" "aG9yaXR5IC0gRzUwHhcNMDYxMTA4MDAwMDAwWhcNMzYwNzE2MjM1OTU5WjCByjEL" "MAkGA1UEBhMCVVMxFzAVBgNVBAoTDlZlcmlTaWduLCBJbmMuMR8wHQYDVQQLExZW" "ZXJpU2lnbiBUcnVzdCBOZXR3b3JrMTowOAYDVQQLEzEoYykgMjAwNiBWZXJpU2ln" "biwgSW5jLiAtIEZvciBhdXRob3JpemVkIHVzZSBvbmx5MUUwQwYDVQQDEzxWZXJp" "U2lnbiBDbGFzcyAzIFB1YmxpYyBQcmltYXJ5IENlcnRpZmljYXRpb24gQXV0aG9y" "aXR5IC0gRzUwggEiMA0GCSqGSIb3DQEBAQUAA4IBDwAwggEKAoIBAQCvJAgIKXo1" "nmAMqudLO07cfLw8RRy7K+D+KQL5VwijZIUVJ/XxrcgxiV0i6CqqpkKzj/i5Vbex" "t0uz/o9+B1fs70PbZmIVYc9gDaTY3vjgw2IIPVQT60nKWVSFJuUrjxuf6/WhkcIz" "SdhDY2pSS9KP6HBRTdGJaXvHcPaz3BJ023tdS1bTlr8Vd6Gw9KIl8q8ckmcY5fQG" "BO+QueQA5N06tRn/Arr0PO7gi+s3i+z016zy9vA9r911kTMZHRxAy3QkGSGT2RT+" "rCpSx4/VBEnkjWNHiDxpg8v+R70rfk/Fla4OndTRQ8Bnc+MUCH7lP59zuDMKz10/" "NIeWiu5T6CUVAgMBAAGjgbIwga8wDwYDVR0TAQH/BAUwAwEB/zAOBgNVHQ8BAf8E" "BAMCAQYwbQYIKwYBBQUHAQwEYTBfoV2gWzBZMFcwVRYJaW1hZ2UvZ2lmMCEwHzAH" "BgUrDgMCGgQUj+XTGoasjY5rw8+AatRIGCx7GS4wJRYjaHR0cDovL2xvZ28udmVy" "aXNpZ24uY29tL3ZzbG9nby5naWYwHQYDVR0OBBYEFH/TZafC3ey78DAJ80M5+gKv" "MzEzMA0GCSqGSIb3DQEBBQUAA4IBAQCTJEowX2LP2BqYLz3q3JktvXf2pXkiOOzE" "p6B4Eq1iDkVwZMXnl2YtmAl+X6/WzChl8gGqCBpH3vn5fJJaCGkgDdk+bW48DW7Y" "5gaRQBi5+MHt39tBquCWIMnNZBU4gcmU7qKEKQsTb47bDN0lAtukixlE0kF6BWlK" "WE9gyn6CagsCqiUXObXbf+eEZSqVir2G3l6BFoMtEMze/aiCKm0oHw0LxOXnGiYZ" "4fQRbxC1lfznQgUy286dUV4otp6F01vvpX1FQHKOtw5rDgb7MzVIcbidJ4vEZV8N" "hnacRHr2lVz2XTIIM6RUthg/aFzyQkqFOFSDX9HoLPKsEdao7WNq"
Added to HIVEPIE alias...\n
File Transfered successfully....
HIVEPIE-2292
